starting
starting
starting
starting
starting
starting
starting
starting
starting
starting
starting
starting
starting
starting
starting
starting
starting
starting
starting
starting
starting
starting
starting
starting
starting
starting
starting
starting
starting
starting
starting
starting
starting
starting
starting
starting
starting
starting
starting
starting
starting
starting
starting
starting
starting
starting
starting
starting
starting
starting
starting
starting
starting
starting
starting
starting
starting
starting
starting
starting
starting 68227
starting 68229
starting 68228
starting 68230
starting 68231
starting 68233
starting 68232
starting 68234
starting 68238
starting 68280
starting 68281
starting 68282
starting 68283
starting 68284
starting 68285
starting 68286
starting 68287
starting 68298
got: CALLER: {#PID<0.176.0>, #Reference<0.0.0.1072>}
starting 68341
starting 68342
starting 68343
starting 68344
starting 68345
starting 68346
starting 68347
starting 68348
starting 68388
starting 68389
starting 68392
starting 68391
starting 68390
starting 68393
starting 68394
starting 68395
starting 68397
got: CALLER: {#PID<0.143.0>, #Reference<0.0.0.716>}
got: {:task, "this is the data"}
got: EOL
starting 68455
starting 68456
starting 68458
starting 68457
starting 68459
starting 68460
starting 68461
starting 68462
starting 68465
got: CALLER: {#PID<0.176.0>, #Reference<0.0.0.1076>}
got: {:task, "this is the data"}
got: EOL
starting 68507
starting 68505
starting 68508
starting 68510
starting 68509
starting 68506
starting 68511
starting 68512
starting 68514
got: CALLER: {#PID<0.176.0>, #Reference<0.0.0.1074>}
got: {:task, "this is the data"}
got: EOL
starting 68568
starting 68569
starting 68570
starting 68571
starting 68572
starting 68573
starting 68574
starting 68575
starting 68581
starting 68627
starting 68628
starting 68630
starting 68629
starting 68631
starting 68632
starting 68633
starting 68634
starting 68678
starting 68679
starting 68680
starting 68681
starting 68682
starting 68684
starting 68683
starting 68685
starting 68687
starting 68727
starting 68729
starting 68728
starting 68730
starting 68731
starting 68732
starting 68733
starting 68734
got: CALLER: {#PID<0.154.0>, #Reference<0.0.0.981>}
got: "this is task data"
got: EOL
got: CALLER: {#PID<0.156.0>, #Reference<0.0.0.1002>}
got: {:task, #PID<0.175.0>, "this is a task"}
got: EOL
starting 68983
starting 68985
starting 68986
starting 68984
starting 68987
starting 68989
starting 68988
starting 68990
got: CALLER: {#PID<0.173.0>, #Reference<0.0.0.987>}
got: {:task, #PID<0.172.0>, "this is my task data"}
got: EOL
starting 69038
starting 69039
starting 69040
starting 69041
starting 69043
starting 69042
starting 69044
starting 69045
got: CALLER: {#PID<0.173.0>, #Reference<0.0.0.987>}
got: {:task, #PID<0.172.0>, "task data"}
got: EOL
starting 69049
starting 69091
starting 69092
starting 69093
starting 69094
starting 69095
starting 69096
starting 69097
starting 69098
got: CALLER: {#PID<0.173.0>, #Reference<0.0.0.986>}
got: {:task, #PID<0.172.0>, "data"}
got: EOL
starting 69103
starting 69143
starting 69144
starting 69146
starting 69145
starting 69148
starting 69147
starting 69149
starting 69150
got: CALLER: {#PID<0.173.0>, #Reference<0.0.0.986>}
got: {:task, #PID<0.172.0>, "data"}
got: EOL
starting 69151
starting 69192
starting 69194
starting 69195
starting 69193
starting 69196
starting 69197
starting 69198
starting 69199
got: CALLER: {#PID<0.173.0>, #Reference<0.0.0.987>}
got: {:task, #PID<0.172.0>, "data"}
got: EOL
starting 69205
starting 69250
starting 69252
starting 69251
starting 69253
starting 69254
starting 69255
starting 69256
starting 69257
starting 69296
starting 69298
starting 69297
starting 69299
starting 69300
starting 69302
starting 69301
starting 69303
got: CALLER: {#PID<0.146.0>, #Reference<0.0.0.720>}
got: {:task, #PID<0.145.0>, "data"}
got: EOL
starting 69304
starting 69343
starting 69344
starting 69346
starting 69345
starting 69347
starting 69348
starting 69349
starting 69350
got: CALLER: {#PID<0.173.0>, #Reference<0.0.0.986>}
got: {:task, #PID<0.172.0>, "data"}
got: EOL
starting 69353
starting 69437
starting 69438
starting 69439
starting 69440
starting 69442
starting 69441
starting 69443
starting 69444
got: CALLER: {#PID<0.173.0>, #Reference<0.0.0.991>}
got: {:task, #PID<0.172.0>, "data"}
got: EOL
starting 69445
starting 69488
starting 69489
starting 69490
starting 69491
starting 69492
starting 69493
starting 69495
starting 69494
got: CALLER: {#PID<0.173.0>, #Reference<0.0.0.989>}
got: {:task, #PID<0.172.0>, "data"}
got: EOL
starting 69582
starting 69584
starting 69585
starting 69583
starting 69586
starting 69587
starting 69588
starting 69589
got: CALLER: {#PID<0.173.0>, #Reference<0.0.0.992>}
got: {:task, #PID<0.172.0>, "data"}
got: EOL
starting 69732
starting 69733
starting 69734
starting 69735
starting 69736
starting 69737
starting 69738
starting 69739
got: CALLER: {#PID<0.173.0>, #Reference<0.0.0.992>}
got: {:task, #PID<0.172.0>, "data"}
got: EOL
starting 69794
starting 69793
starting 69797
starting 69795
starting 69798
starting 69799
starting 69800
starting 69796
got: CALLER: {#PID<0.173.0>, #Reference<0.0.0.991>}
got: {:task, #PID<0.172.0>, "data"}
got: EOL
starting 69801
starting 69850
starting 69851
starting 69852
starting 69853
starting 69854
starting 69855
starting 69856
starting 69857
got: CALLER: {#PID<0.173.0>, #Reference<0.0.0.991>}
got: {:task, #PID<0.172.0>, "data"}
got: EOL
starting 69858
starting 69941
starting 69943
starting 69942
starting 69944
starting 69945
starting 69946
starting 69948
starting 69947
got: CALLER: {#PID<0.155.0>, #Reference<0.0.0.786>}
got: {:task, #PID<0.154.0>, "data"}
got: EOL
starting 69949
starting 69997
starting 69998
starting 69999
starting 70001
starting 70000
starting 70002
starting 70003
starting 70004
got: CALLER: {#PID<0.173.0>, #Reference<0.0.0.995>}
got: {:task, #PID<0.172.0>, "data"}
got: EOL
starting 70047
starting 70048
starting 70049
starting 70051
starting 70050
starting 70053
starting 70052
starting 70054
got: CALLER: {#PID<0.173.0>, #Reference<0.0.0.995>}
got: {:task, #PID<0.172.0>, "data"}
got: EOL
starting 70095
starting 70096
starting 70098
starting 70097
starting 70101
starting 70099
starting 70100
starting 70102
got: CALLER: {#PID<0.173.0>, #Reference<0.0.0.995>}
got: {:task, #PID<0.172.0>, "data"}
got: EOL
